[debug] [2021-07-24T18:37:42.827Z] ----------------------------------------------------------------------
[debug] [2021-07-24T18:37:42.830Z] Command:       C:\Program Files\nodejs\node.exe C:\Users\Kanak\AppData\Roaming\npm\node_modules\firebase-tools\lib\bin\firebase.js emulators:start
[debug] [2021-07-24T18:37:42.830Z] CLI Version:   9.14.0
[debug] [2021-07-24T18:37:42.831Z] Platform:      win32
[debug] [2021-07-24T18:37:42.831Z] Node Version:  v14.13.1
[debug] [2021-07-24T18:37:42.832Z] Time:          Sun Jul 25 2021 00:07:42 GMT+0530 (India Standard Time)
[debug] [2021-07-24T18:37:42.832Z] ----------------------------------------------------------------------
[debug] 
[debug] [2021-07-24T18:37:42.846Z] > command requires scopes: ["email","openid","https://www.googleapis.com/auth/cloudplatformprojects.readonly","https://www.googleapis.com/auth/firebase","https://www.googleapis.com/auth/cloud-platform"]
[debug] [2021-07-24T18:37:42.847Z] > authorizing via signed-in user (kanak101.kd@gmail.com)
[info] i  emulators: Starting emulators: functions, hosting {"metadata":{"emulator":{"name":"hub"},"message":"Starting emulators: functions, hosting"}}
[warn] !  emulators: It seems that you are running multiple instances of the emulator suite for project clone-3afbe. This may result in unexpected behavior. 
[debug] [2021-07-24T18:37:42.871Z] [hub] writing locator at C:\Users\Kanak\AppData\Local\Temp\hub-clone-3afbe.json
[warn] !  functions: The following emulators are not running, calls to these services from the Functions emulator will affect production: auth, firestore, database, pubsub, storage {"metadata":{"emulator":{"name":"functions"},"message":"The following emulators are not running, calls to these services from the Functions emulator will affect production: \u001b[1mauth, firestore, database, pubsub, storage\u001b[22m"}}
[info] +  functions: Using node@14 from host. {"metadata":{"emulator":{"name":"functions"},"message":"Using node@14 from host."}}
[debug] [2021-07-24T18:37:42.888Z] defaultcredentials: writing to file C:\Users\Kanak\AppData\Roaming\firebase\kanak101_kd_gmail.com_application_default_credentials.json
[debug] [2021-07-24T18:37:42.889Z] Setting GAC to C:\Users\Kanak\AppData\Roaming\firebase\kanak101_kd_gmail.com_application_default_credentials.json {"metadata":{"emulator":{"name":"functions"},"message":"Setting GAC to C:\\Users\\Kanak\\AppData\\Roaming\\firebase\\kanak101_kd_gmail.com_application_default_credentials.json"}}
[debug] [2021-07-24T18:37:42.893Z] >>> [apiv2][query] GET https://firebase.googleapis.com/v1beta1/projects/clone-3afbe/adminSdkConfig [none]
[debug] [2021-07-24T18:37:43.581Z] <<< [apiv2][status] GET https://firebase.googleapis.com/v1beta1/projects/clone-3afbe/adminSdkConfig 200
[debug] [2021-07-24T18:37:43.581Z] <<< [apiv2][body] GET https://firebase.googleapis.com/v1beta1/projects/clone-3afbe/adminSdkConfig {"projectId":"clone-3afbe","databaseURL":"https://clone-3afbe-default-rtdb.firebaseio.com","storageBucket":"clone-3afbe.appspot.com","locationId":"us-central"}
[debug] [2021-07-24T18:37:43.596Z] >>> [apiv2][query] GET https://firebasehosting.googleapis.com/v1beta1/projects/clone-3afbe/sites 
[debug] [2021-07-24T18:37:45.398Z] <<< [apiv2][status] GET https://firebasehosting.googleapis.com/v1beta1/projects/clone-3afbe/sites 200
[debug] [2021-07-24T18:37:45.398Z] <<< [apiv2][body] GET https://firebasehosting.googleapis.com/v1beta1/projects/clone-3afbe/sites {"sites":[{"name":"projects/551043670928/sites/clone-3afbe","defaultUrl":"https://clone-3afbe.web.app","appId":"1:551043670928:web:1c344ff063da0207ab0915","type":"DEFAULT_SITE"}]}
[debug] [2021-07-24T18:37:45.399Z] >>> [apiv2][query] GET https://firebase.googleapis.com/v1beta1/projects/clone-3afbe/webApps/1:551043670928:web:1c344ff063da0207ab0915/config [none]
[debug] [2021-07-24T18:37:46.728Z] <<< [apiv2][status] GET https://firebase.googleapis.com/v1beta1/projects/clone-3afbe/webApps/1:551043670928:web:1c344ff063da0207ab0915/config 200
[debug] [2021-07-24T18:37:46.729Z] <<< [apiv2][body] GET https://firebase.googleapis.com/v1beta1/projects/clone-3afbe/webApps/1:551043670928:web:1c344ff063da0207ab0915/config {"projectId":"clone-3afbe","appId":"1:551043670928:web:1c344ff063da0207ab0915","databaseURL":"https://clone-3afbe-default-rtdb.firebaseio.com","storageBucket":"clone-3afbe.appspot.com","locationId":"us-central","apiKey":"AIzaSyDdKyJqA6zjyxMn7S1MdLUnDBpJALZIiEA","authDomain":"clone-3afbe.firebaseapp.com","messagingSenderId":"551043670928"}
[info] i  hosting: Serving hosting files from: build {"metadata":{"emulator":{"name":"hosting"},"message":"Serving hosting files from: \u001b[1mbuild\u001b[22m"}}
[info] +  hosting: Local server: http://localhost:5000 {"metadata":{"emulator":{"name":"hosting"},"message":"Local server: \u001b[4m\u001b[1mhttp://localhost:5000\u001b[22m\u001b[24m"}}
[warn] !  ui: Emulator UI unable to start on port 4000, starting on 4001 instead. {"metadata":{"emulator":{"name":"ui"},"message":"Emulator UI unable to start on port 4000, starting on 4001 instead."}}
[debug] [2021-07-24T18:37:46.795Z] Ignoring unsupported arg: auto_download {"metadata":{"emulator":{"name":"ui"},"message":"Ignoring unsupported arg: auto_download"}}
[debug] [2021-07-24T18:37:46.795Z] Ignoring unsupported arg: port {"metadata":{"emulator":{"name":"ui"},"message":"Ignoring unsupported arg: port"}}
[debug] [2021-07-24T18:37:46.796Z] Starting Emulator UI with command {"binary":"node","args":["C:\\Users\\Kanak\\.cache\\firebase\\emulators\\ui-v1.5.0\\server.bundle.js"],"optionalArgs":[],"joinArgs":false} {"metadata":{"emulator":{"name":"ui"},"message":"Starting Emulator UI with command {\"binary\":\"node\",\"args\":[\"C:\\\\Users\\\\Kanak\\\\.cache\\\\firebase\\\\emulators\\\\ui-v1.5.0\\\\server.bundle.js\"],\"optionalArgs\":[],\"joinArgs\":false}"}}
[info] i  ui: Emulator UI logging to ui-debug.log {"metadata":{"emulator":{"name":"ui"},"message":"Emulator UI logging to \u001b[1mui-debug.log\u001b[22m"}}
[debug] [2021-07-24T18:37:46.950Z] Web / API server started at http://localhost:4001
 {"metadata":{"emulator":{"name":"ui"},"message":"Web / API server started at http://localhost:4001\n"}}
[info] i  functions: Watching "D:\Dev\react\amazon-clone\functions" for Cloud Functions... {"metadata":{"emulator":{"name":"functions"},"message":"Watching \"D:\\Dev\\react\\amazon-clone\\functions\" for Cloud Functions..."}}
[debug] [2021-07-24T18:37:47.083Z] [worker-pool] addWorker(~diagnostic~) {"metadata":{"emulator":{"name":"functions"},"message":"[worker-pool] addWorker(~diagnostic~)"}}
[debug] [2021-07-24T18:37:47.083Z] [worker-pool] Adding worker with key ~diagnostic~, total=1 {"metadata":{"emulator":{"name":"functions"},"message":"[worker-pool] Adding worker with key ~diagnostic~, total=1"}}
[debug] [2021-07-24T18:37:47.083Z] [worker-pool] submitWork(triggerId=) {"metadata":{"emulator":{"name":"functions"},"message":"[worker-pool] submitWork(triggerId=)"}}
[debug] [2021-07-24T18:37:47.084Z] [worker-~diagnostic~-6efbbba6-c4ab-4932-97af-2c80a942b6a7]: Assigning socketPath: \\?\pipe\D:\Dev\react\amazon-clone\functions\1816 {"metadata":{"emulator":{"name":"functions"},"message":"[worker-~diagnostic~-6efbbba6-c4ab-4932-97af-2c80a942b6a7]: Assigning socketPath: \\\\?\\pipe\\D:\\Dev\\react\\amazon-clone\\functions\\1816"}}
[debug] [2021-07-24T18:37:47.084Z] [worker-~diagnostic~-6efbbba6-c4ab-4932-97af-2c80a942b6a7]: BUSY {"metadata":{"emulator":{"name":"functions"},"message":"[worker-~diagnostic~-6efbbba6-c4ab-4932-97af-2c80a942b6a7]: BUSY"}}
[debug] [2021-07-24T18:37:47.347Z] [runtime-status] [1816] Functions runtime initialized. {"cwd":"D:\\Dev\\react\\amazon-clone\\functions","node_version":"14.13.1"} {"metadata":{"emulator":{"name":"functions"},"message":"[runtime-status] [1816] Functions runtime initialized. {\"cwd\":\"D:\\\\Dev\\\\react\\\\amazon-clone\\\\functions\",\"node_version\":\"14.13.1\"}"}}
[debug] [2021-07-24T18:37:47.348Z] [runtime-status] [1816] Disabled runtime features: undefined {"metadata":{"emulator":{"name":"functions"},"message":"[runtime-status] [1816] Disabled runtime features: undefined"}}
[debug] [2021-07-24T18:37:47.352Z] [runtime-status] [1816] Resolved module firebase-admin {"declared":true,"installed":true,"version":"9.10.0","resolution":"D:\\Dev\\react\\amazon-clone\\functions\\node_modules\\firebase-admin\\lib\\index.js"} {"metadata":{"emulator":{"name":"functions"},"message":"[runtime-status] [1816] Resolved module firebase-admin {\"declared\":true,\"installed\":true,\"version\":\"9.10.0\",\"resolution\":\"D:\\\\Dev\\\\react\\\\amazon-clone\\\\functions\\\\node_modules\\\\firebase-admin\\\\lib\\\\index.js\"}"}}
[debug] [2021-07-24T18:37:47.354Z] [runtime-status] [1816] Resolved module firebase-functions {"declared":true,"installed":true,"version":"3.14.1","resolution":"D:\\Dev\\react\\amazon-clone\\functions\\node_modules\\firebase-functions\\lib\\index.js"} {"metadata":{"emulator":{"name":"functions"},"message":"[runtime-status] [1816] Resolved module firebase-functions {\"declared\":true,\"installed\":true,\"version\":\"3.14.1\",\"resolution\":\"D:\\\\Dev\\\\react\\\\amazon-clone\\\\functions\\\\node_modules\\\\firebase-functions\\\\lib\\\\index.js\"}"}}
[debug] [2021-07-24T18:37:47.356Z] [runtime-status] [1816] Resolved module firebase-functions {"declared":true,"installed":true,"version":"3.14.1","resolution":"D:\\Dev\\react\\amazon-clone\\functions\\node_modules\\firebase-functions\\lib\\index.js"} {"metadata":{"emulator":{"name":"functions"},"message":"[runtime-status] [1816] Resolved module firebase-functions {\"declared\":true,\"installed\":true,\"version\":\"3.14.1\",\"resolution\":\"D:\\\\Dev\\\\react\\\\amazon-clone\\\\functions\\\\node_modules\\\\firebase-functions\\\\lib\\\\index.js\"}"}}
[debug] [2021-07-24T18:37:47.358Z] [runtime-status] [1816] Outgoing network have been stubbed. [{"name":"http","status":"mocked"},{"name":"http","status":"mocked"},{"name":"https","status":"mocked"},{"name":"https","status":"mocked"},{"name":"net","status":"mocked"}] {"metadata":{"emulator":{"name":"functions"},"message":"[runtime-status] [1816] Outgoing network have been stubbed. [{\"name\":\"http\",\"status\":\"mocked\"},{\"name\":\"http\",\"status\":\"mocked\"},{\"name\":\"https\",\"status\":\"mocked\"},{\"name\":\"https\",\"status\":\"mocked\"},{\"name\":\"net\",\"status\":\"mocked\"}]"}}
[debug] [2021-07-24T18:37:47.359Z] [runtime-status] [1816] Resolved module firebase-functions {"declared":true,"installed":true,"version":"3.14.1","resolution":"D:\\Dev\\react\\amazon-clone\\functions\\node_modules\\firebase-functions\\lib\\index.js"} {"metadata":{"emulator":{"name":"functions"},"message":"[runtime-status] [1816] Resolved module firebase-functions {\"declared\":true,\"installed\":true,\"version\":\"3.14.1\",\"resolution\":\"D:\\\\Dev\\\\react\\\\amazon-clone\\\\functions\\\\node_modules\\\\firebase-functions\\\\lib\\\\index.js\"}"}}
[debug] [2021-07-24T18:37:47.418Z] [runtime-status] [1816] Checked functions.config() {"config":{}} {"metadata":{"emulator":{"name":"functions"},"message":"[runtime-status] [1816] Checked functions.config() {\"config\":{}}"}}
[debug] [2021-07-24T18:37:47.418Z] [runtime-status] [1816] firebase-functions has been stubbed. {"functionsResolution":{"declared":true,"installed":true,"version":"3.14.1","resolution":"D:\\Dev\\react\\amazon-clone\\functions\\node_modules\\firebase-functions\\lib\\index.js"}} {"metadata":{"emulator":{"name":"functions"},"message":"[runtime-status] [1816] firebase-functions has been stubbed. {\"functionsResolution\":{\"declared\":true,\"installed\":true,\"version\":\"3.14.1\",\"resolution\":\"D:\\\\Dev\\\\react\\\\amazon-clone\\\\functions\\\\node_modules\\\\firebase-functions\\\\lib\\\\index.js\"}}"}}
[debug] [2021-07-24T18:37:47.419Z] [runtime-status] [1816] Resolved module firebase-functions {"declared":true,"installed":true,"version":"3.14.1","resolution":"D:\\Dev\\react\\amazon-clone\\functions\\node_modules\\firebase-functions\\lib\\index.js"} {"metadata":{"emulator":{"name":"functions"},"message":"[runtime-status] [1816] Resolved module firebase-functions {\"declared\":true,\"installed\":true,\"version\":\"3.14.1\",\"resolution\":\"D:\\\\Dev\\\\react\\\\amazon-clone\\\\functions\\\\node_modules\\\\firebase-functions\\\\lib\\\\index.js\"}"}}
[debug] [2021-07-24T18:37:47.420Z] [runtime-status] [1816] Resolved module firebase-admin {"declared":true,"installed":true,"version":"9.10.0","resolution":"D:\\Dev\\react\\amazon-clone\\functions\\node_modules\\firebase-admin\\lib\\index.js"} {"metadata":{"emulator":{"name":"functions"},"message":"[runtime-status] [1816] Resolved module firebase-admin {\"declared\":true,\"installed\":true,\"version\":\"9.10.0\",\"resolution\":\"D:\\\\Dev\\\\react\\\\amazon-clone\\\\functions\\\\node_modules\\\\firebase-admin\\\\lib\\\\index.js\"}"}}
[debug] [2021-07-24T18:37:47.421Z] [runtime-status] [1816] Resolved module firebase-functions {"declared":true,"installed":true,"version":"3.14.1","resolution":"D:\\Dev\\react\\amazon-clone\\functions\\node_modules\\firebase-functions\\lib\\index.js"} {"metadata":{"emulator":{"name":"functions"},"message":"[runtime-status] [1816] Resolved module firebase-functions {\"declared\":true,\"installed\":true,\"version\":\"3.14.1\",\"resolution\":\"D:\\\\Dev\\\\react\\\\amazon-clone\\\\functions\\\\node_modules\\\\firebase-functions\\\\lib\\\\index.js\"}"}}
[debug] [2021-07-24T18:37:47.421Z] [runtime-status] [1816] firebase-admin has been stubbed. {"adminResolution":{"declared":true,"installed":true,"version":"9.10.0","resolution":"D:\\Dev\\react\\amazon-clone\\functions\\node_modules\\firebase-admin\\lib\\index.js"}} {"metadata":{"emulator":{"name":"functions"},"message":"[runtime-status] [1816] firebase-admin has been stubbed. {\"adminResolution\":{\"declared\":true,\"installed\":true,\"version\":\"9.10.0\",\"resolution\":\"D:\\\\Dev\\\\react\\\\amazon-clone\\\\functions\\\\node_modules\\\\firebase-admin\\\\lib\\\\index.js\"}}"}}
[info] +  functions[us-central1-api]: http function initialized (http://localhost:5001/clone-3afbe/us-central1/api). {"metadata":{"emulator":{"name":"functions"},"message":"\u001b[1mhttp\u001b[22m function initialized (http://localhost:5001/clone-3afbe/us-central1/api)."}}
[info] 
┌─────────────────────────────────────────────────────────────┐
│ ✔  All emulators ready! It is now safe to connect your app. │
│ i  View Emulator UI at http://localhost:4001                │
└─────────────────────────────────────────────────────────────┘

┌───────────┬────────────────┬─────────────────────────────────┐
│ Emulator  │ Host:Port      │ View in Emulator UI             │
├───────────┼────────────────┼─────────────────────────────────┤
│ Functions │ localhost:5001 │ http://localhost:4001/functions │
├───────────┼────────────────┼─────────────────────────────────┤
│ Hosting   │ localhost:5000 │ n/a                             │
└───────────┴────────────────┴─────────────────────────────────┘
  Emulator Hub running at localhost:4400
  Other reserved ports: 4500

Issues? Report them at https://github.com/firebase/firebase-tools/issues and attach the *-debug.log files.
 
[debug] [2021-07-24T18:37:47.659Z] [worker-~diagnostic~-6efbbba6-c4ab-4932-97af-2c80a942b6a7]: IDLE {"metadata":{"emulator":{"name":"functions"},"message":"[worker-~diagnostic~-6efbbba6-c4ab-4932-97af-2c80a942b6a7]: IDLE"}}
[debug] [2021-07-24T18:38:05.233Z] [work-queue] {"queueLength":1,"workRunningCount":0}
[debug] [2021-07-24T18:38:05.234Z] [work-queue] {"queueLength":0,"workRunningCount":1}
[debug] [2021-07-24T18:38:05.235Z] Accepted request POST /clone-3afbe/us-central1/api/payments/create?total=79697 --> us-central1-api
[debug] [2021-07-24T18:38:05.250Z] [worker-pool] addWorker(us-central1-api) {"metadata":{"emulator":{"name":"functions"},"message":"[worker-pool] addWorker(us-central1-api)"}}
[debug] [2021-07-24T18:38:05.250Z] [worker-pool] Adding worker with key us-central1-api, total=1 {"metadata":{"emulator":{"name":"functions"},"message":"[worker-pool] Adding worker with key us-central1-api, total=1"}}
[debug] [2021-07-24T18:38:05.250Z] [worker-pool] submitWork(triggerId=us-central1-api) {"metadata":{"emulator":{"name":"functions"},"message":"[worker-pool] submitWork(triggerId=us-central1-api)"}}
[debug] [2021-07-24T18:38:05.250Z] [worker-us-central1-api-94380bed-ccf4-43f4-8490-5218f62ff7e9]: Assigning socketPath: \\?\pipe\D:\Dev\react\amazon-clone\functions\21468 {"metadata":{"emulator":{"name":"functions"},"message":"[worker-us-central1-api-94380bed-ccf4-43f4-8490-5218f62ff7e9]: Assigning socketPath: \\\\?\\pipe\\D:\\Dev\\react\\amazon-clone\\functions\\21468"}}
[debug] [2021-07-24T18:38:05.251Z] [worker-us-central1-api-94380bed-ccf4-43f4-8490-5218f62ff7e9]: BUSY {"metadata":{"emulator":{"name":"functions"},"message":"[worker-us-central1-api-94380bed-ccf4-43f4-8490-5218f62ff7e9]: BUSY"}}
[debug] [2021-07-24T18:38:05.518Z] [runtime-status] [21468] Functions runtime initialized. {"cwd":"D:\\Dev\\react\\amazon-clone\\functions","node_version":"14.13.1"} {"metadata":{"emulator":{"name":"functions"},"function":{"name":"us-central1-api"},"message":"[runtime-status] [21468] Functions runtime initialized. {\"cwd\":\"D:\\\\Dev\\\\react\\\\amazon-clone\\\\functions\",\"node_version\":\"14.13.1\"}"}}
[debug] [2021-07-24T18:38:05.520Z] [runtime-status] [21468] Disabled runtime features: undefined {"metadata":{"emulator":{"name":"functions"},"function":{"name":"us-central1-api"},"message":"[runtime-status] [21468] Disabled runtime features: undefined"}}
[debug] [2021-07-24T18:38:05.524Z] [runtime-status] [21468] Resolved module firebase-admin {"declared":true,"installed":true,"version":"9.10.0","resolution":"D:\\Dev\\react\\amazon-clone\\functions\\node_modules\\firebase-admin\\lib\\index.js"} {"metadata":{"emulator":{"name":"functions"},"function":{"name":"us-central1-api"},"message":"[runtime-status] [21468] Resolved module firebase-admin {\"declared\":true,\"installed\":true,\"version\":\"9.10.0\",\"resolution\":\"D:\\\\Dev\\\\react\\\\amazon-clone\\\\functions\\\\node_modules\\\\firebase-admin\\\\lib\\\\index.js\"}"}}
[debug] [2021-07-24T18:38:05.526Z] [runtime-status] [21468] Resolved module firebase-functions {"declared":true,"installed":true,"version":"3.14.1","resolution":"D:\\Dev\\react\\amazon-clone\\functions\\node_modules\\firebase-functions\\lib\\index.js"} {"metadata":{"emulator":{"name":"functions"},"function":{"name":"us-central1-api"},"message":"[runtime-status] [21468] Resolved module firebase-functions {\"declared\":true,\"installed\":true,\"version\":\"3.14.1\",\"resolution\":\"D:\\\\Dev\\\\react\\\\amazon-clone\\\\functions\\\\node_modules\\\\firebase-functions\\\\lib\\\\index.js\"}"}}
[debug] [2021-07-24T18:38:05.528Z] [runtime-status] [21468] Resolved module firebase-functions {"declared":true,"installed":true,"version":"3.14.1","resolution":"D:\\Dev\\react\\amazon-clone\\functions\\node_modules\\firebase-functions\\lib\\index.js"} {"metadata":{"emulator":{"name":"functions"},"function":{"name":"us-central1-api"},"message":"[runtime-status] [21468] Resolved module firebase-functions {\"declared\":true,\"installed\":true,\"version\":\"3.14.1\",\"resolution\":\"D:\\\\Dev\\\\react\\\\amazon-clone\\\\functions\\\\node_modules\\\\firebase-functions\\\\lib\\\\index.js\"}"}}
[debug] [2021-07-24T18:38:05.530Z] [runtime-status] [21468] Outgoing network have been stubbed. [{"name":"http","status":"mocked"},{"name":"http","status":"mocked"},{"name":"https","status":"mocked"},{"name":"https","status":"mocked"},{"name":"net","status":"mocked"}] {"metadata":{"emulator":{"name":"functions"},"function":{"name":"us-central1-api"},"message":"[runtime-status] [21468] Outgoing network have been stubbed. [{\"name\":\"http\",\"status\":\"mocked\"},{\"name\":\"http\",\"status\":\"mocked\"},{\"name\":\"https\",\"status\":\"mocked\"},{\"name\":\"https\",\"status\":\"mocked\"},{\"name\":\"net\",\"status\":\"mocked\"}]"}}
[debug] [2021-07-24T18:38:05.531Z] [runtime-status] [21468] Resolved module firebase-functions {"declared":true,"installed":true,"version":"3.14.1","resolution":"D:\\Dev\\react\\amazon-clone\\functions\\node_modules\\firebase-functions\\lib\\index.js"} {"metadata":{"emulator":{"name":"functions"},"function":{"name":"us-central1-api"},"message":"[runtime-status] [21468] Resolved module firebase-functions {\"declared\":true,\"installed\":true,\"version\":\"3.14.1\",\"resolution\":\"D:\\\\Dev\\\\react\\\\amazon-clone\\\\functions\\\\node_modules\\\\firebase-functions\\\\lib\\\\index.js\"}"}}
[debug] [2021-07-24T18:38:05.588Z] [runtime-status] [21468] Checked functions.config() {"config":{}} {"metadata":{"emulator":{"name":"functions"},"function":{"name":"us-central1-api"},"message":"[runtime-status] [21468] Checked functions.config() {\"config\":{}}"}}
[debug] [2021-07-24T18:38:05.589Z] [runtime-status] [21468] firebase-functions has been stubbed. {"functionsResolution":{"declared":true,"installed":true,"version":"3.14.1","resolution":"D:\\Dev\\react\\amazon-clone\\functions\\node_modules\\firebase-functions\\lib\\index.js"}} {"metadata":{"emulator":{"name":"functions"},"function":{"name":"us-central1-api"},"message":"[runtime-status] [21468] firebase-functions has been stubbed. {\"functionsResolution\":{\"declared\":true,\"installed\":true,\"version\":\"3.14.1\",\"resolution\":\"D:\\\\Dev\\\\react\\\\amazon-clone\\\\functions\\\\node_modules\\\\firebase-functions\\\\lib\\\\index.js\"}}"}}
[debug] [2021-07-24T18:38:05.589Z] [runtime-status] [21468] Resolved module firebase-functions {"declared":true,"installed":true,"version":"3.14.1","resolution":"D:\\Dev\\react\\amazon-clone\\functions\\node_modules\\firebase-functions\\lib\\index.js"} {"metadata":{"emulator":{"name":"functions"},"function":{"name":"us-central1-api"},"message":"[runtime-status] [21468] Resolved module firebase-functions {\"declared\":true,\"installed\":true,\"version\":\"3.14.1\",\"resolution\":\"D:\\\\Dev\\\\react\\\\amazon-clone\\\\functions\\\\node_modules\\\\firebase-functions\\\\lib\\\\index.js\"}"}}
[debug] [2021-07-24T18:38:05.590Z] [runtime-status] [21468] Resolved module firebase-admin {"declared":true,"installed":true,"version":"9.10.0","resolution":"D:\\Dev\\react\\amazon-clone\\functions\\node_modules\\firebase-admin\\lib\\index.js"} {"metadata":{"emulator":{"name":"functions"},"function":{"name":"us-central1-api"},"message":"[runtime-status] [21468] Resolved module firebase-admin {\"declared\":true,\"installed\":true,\"version\":\"9.10.0\",\"resolution\":\"D:\\\\Dev\\\\react\\\\amazon-clone\\\\functions\\\\node_modules\\\\firebase-admin\\\\lib\\\\index.js\"}"}}
[debug] [2021-07-24T18:38:05.591Z] [runtime-status] [21468] Resolved module firebase-functions {"declared":true,"installed":true,"version":"3.14.1","resolution":"D:\\Dev\\react\\amazon-clone\\functions\\node_modules\\firebase-functions\\lib\\index.js"} {"metadata":{"emulator":{"name":"functions"},"function":{"name":"us-central1-api"},"message":"[runtime-status] [21468] Resolved module firebase-functions {\"declared\":true,\"installed\":true,\"version\":\"3.14.1\",\"resolution\":\"D:\\\\Dev\\\\react\\\\amazon-clone\\\\functions\\\\node_modules\\\\firebase-functions\\\\lib\\\\index.js\"}"}}
[debug] [2021-07-24T18:38:05.591Z] [runtime-status] [21468] firebase-admin has been stubbed. {"adminResolution":{"declared":true,"installed":true,"version":"9.10.0","resolution":"D:\\Dev\\react\\amazon-clone\\functions\\node_modules\\firebase-admin\\lib\\index.js"}} {"metadata":{"emulator":{"name":"functions"},"function":{"name":"us-central1-api"},"message":"[runtime-status] [21468] firebase-admin has been stubbed. {\"adminResolution\":{\"declared\":true,\"installed\":true,\"version\":\"9.10.0\",\"resolution\":\"D:\\\\Dev\\\\react\\\\amazon-clone\\\\functions\\\\node_modules\\\\firebase-admin\\\\lib\\\\index.js\"}}"}}
[debug] [2021-07-24T18:38:05.807Z] [runtime-status] [21468] Trigger "us-central1-api" has been found, beginning invocation! {"metadata":{"emulator":{"name":"functions"},"function":{"name":"us-central1-api"},"message":"[runtime-status] [21468] Trigger \"us-central1-api\" has been found, beginning invocation!"}}
[info] i  functions: Beginning execution of "us-central1-api" {"metadata":{"emulator":{"name":"functions"},"function":{"name":"us-central1-api"},"message":"Beginning execution of \"us-central1-api\""}}
[debug] [2021-07-24T18:38:05.808Z] [runtime-status] [21468] triggerDefinition {"httpsTrigger":{},"name":"api","entryPoint":"api","regions":["us-central1"],"region":"us-central1","id":"us-central1-api"} {"metadata":{"emulator":{"name":"functions"},"function":{"name":"us-central1-api"},"message":"[runtime-status] [21468] triggerDefinition {\"httpsTrigger\":{},\"name\":\"api\",\"entryPoint\":\"api\",\"regions\":[\"us-central1\"],\"region\":\"us-central1\",\"id\":\"us-central1-api\"}"}}
[debug] [2021-07-24T18:38:05.808Z] [runtime-status] [21468] Running us-central1-api in mode HTTPS {"metadata":{"emulator":{"name":"functions"},"function":{"name":"us-central1-api"},"message":"[runtime-status] [21468] Running us-central1-api in mode HTTPS"}}
[debug] [2021-07-24T18:38:05.813Z] [runtime-status] [21468] Attempting to listen to socketPath: \\?\pipe\D:\Dev\react\amazon-clone\functions\21468 {"metadata":{"emulator":{"name":"functions"},"function":{"name":"us-central1-api"},"message":"[runtime-status] [21468] Attempting to listen to socketPath: \\\\?\\pipe\\D:\\Dev\\react\\amazon-clone\\functions\\21468"}}
[debug] [2021-07-24T18:38:05.817Z] [functions] Runtime ready! Sending request! {"metadata":{"emulator":{"name":"functions"},"message":"[functions] Runtime ready! Sending request!"}}
[debug] [2021-07-24T18:38:05.818Z] [functions] Got req.url=/clone-3afbe/us-central1/api/payments/create?total=79697, mapping to path=/payments/create?total=79697 {"metadata":{"emulator":{"name":"functions"},"message":"[functions] Got req.url=/clone-3afbe/us-central1/api/payments/create?total=79697, mapping to path=/payments/create?total=79697"}}
[debug] [2021-07-24T18:38:05.826Z] [runtime-status] [21468] Ephemeral server handling POST request {"metadata":{"emulator":{"name":"functions"},"function":{"name":"us-central1-api"},"message":"[runtime-status] [21468] Ephemeral server handling POST request"}}
[debug] [2021-07-24T18:38:05.839Z] [runtime-status] [21468] Ephemeral server survived. {"metadata":{"emulator":{"name":"functions"},"function":{"name":"us-central1-api"},"message":"[runtime-status] [21468] Ephemeral server survived."}}
[info] >  { total: '79697' } {"user":"{ total: '79697' }","metadata":{"emulator":{"name":"functions"},"function":{"name":"us-central1-api"},"message":"\u001b[90m> \u001b[39m { total: '79697' }"}}
[info] >  79697 {"user":79697,"metadata":{"emulator":{"name":"functions"},"function":{"name":"us-central1-api"},"message":"\u001b[90m> \u001b[39m 79697"}}
[info] >  [index.js] Payment request received for amount 79697 {"user":"[index.js] Payment request received for amount 79697","metadata":{"emulator":{"name":"functions"},"function":{"name":"us-central1-api"},"message":"\u001b[90m> \u001b[39m [index.js] Payment request received for amount 79697"}}
[info] i  functions: Finished "us-central1-api" in ~1s {"metadata":{"emulator":{"name":"functions"},"function":{"name":"us-central1-api"},"message":"Finished \"us-central1-api\" in ~1s"}}
[debug] [2021-07-24T18:38:06.831Z] [worker-us-central1-api-94380bed-ccf4-43f4-8490-5218f62ff7e9]: IDLE {"metadata":{"emulator":{"name":"functions"},"message":"[worker-us-central1-api-94380bed-ccf4-43f4-8490-5218f62ff7e9]: IDLE"}}
[debug] [2021-07-24T18:38:06.831Z] [work-queue] {"queueLength":0,"workRunningCount":0}
[debug] [2021-07-24T18:38:35.680Z] [work-queue] {"queueLength":1,"workRunningCount":0}
[debug] [2021-07-24T18:38:35.680Z] [work-queue] {"queueLength":0,"workRunningCount":1}
[debug] [2021-07-24T18:38:35.681Z] Accepted request POST /clone-3afbe/us-central1/api/payments/create?total=0 --> us-central1-api
[debug] [2021-07-24T18:38:35.681Z] [worker-pool] submitWork(triggerId=us-central1-api) {"metadata":{"emulator":{"name":"functions"},"message":"[worker-pool] submitWork(triggerId=us-central1-api)"}}
[debug] [2021-07-24T18:38:35.681Z] [worker-us-central1-api-94380bed-ccf4-43f4-8490-5218f62ff7e9]: Assigning socketPath: \\?\pipe\D:\Dev\react\amazon-clone\functions\21468 {"metadata":{"emulator":{"name":"functions"},"message":"[worker-us-central1-api-94380bed-ccf4-43f4-8490-5218f62ff7e9]: Assigning socketPath: \\\\?\\pipe\\D:\\Dev\\react\\amazon-clone\\functions\\21468"}}
[debug] [2021-07-24T18:38:35.681Z] [worker-us-central1-api-94380bed-ccf4-43f4-8490-5218f62ff7e9]: BUSY {"metadata":{"emulator":{"name":"functions"},"message":"[worker-us-central1-api-94380bed-ccf4-43f4-8490-5218f62ff7e9]: BUSY"}}
[debug] [2021-07-24T18:38:35.682Z] [runtime-status] [21468] Trigger "us-central1-api" has been found, beginning invocation! {"metadata":{"emulator":{"name":"functions"},"function":{"name":"us-central1-api"},"message":"[runtime-status] [21468] Trigger \"us-central1-api\" has been found, beginning invocation!"}}
[info] i  functions: Beginning execution of "us-central1-api" {"metadata":{"emulator":{"name":"functions"},"function":{"name":"us-central1-api"},"message":"Beginning execution of \"us-central1-api\""}}
[debug] [2021-07-24T18:38:35.683Z] [runtime-status] [21468] triggerDefinition {"httpsTrigger":{},"name":"api","entryPoint":"api","regions":["us-central1"],"region":"us-central1","id":"us-central1-api"} {"metadata":{"emulator":{"name":"functions"},"function":{"name":"us-central1-api"},"message":"[runtime-status] [21468] triggerDefinition {\"httpsTrigger\":{},\"name\":\"api\",\"entryPoint\":\"api\",\"regions\":[\"us-central1\"],\"region\":\"us-central1\",\"id\":\"us-central1-api\"}"}}
[debug] [2021-07-24T18:38:35.684Z] [runtime-status] [21468] Running us-central1-api in mode HTTPS {"metadata":{"emulator":{"name":"functions"},"function":{"name":"us-central1-api"},"message":"[runtime-status] [21468] Running us-central1-api in mode HTTPS"}}
[debug] [2021-07-24T18:38:35.684Z] [runtime-status] [21468] Attempting to listen to socketPath: \\?\pipe\D:\Dev\react\amazon-clone\functions\21468 {"metadata":{"emulator":{"name":"functions"},"function":{"name":"us-central1-api"},"message":"[runtime-status] [21468] Attempting to listen to socketPath: \\\\?\\pipe\\D:\\Dev\\react\\amazon-clone\\functions\\21468"}}
[debug] [2021-07-24T18:38:35.685Z] [functions] Runtime ready! Sending request! {"metadata":{"emulator":{"name":"functions"},"message":"[functions] Runtime ready! Sending request!"}}
[debug] [2021-07-24T18:38:35.685Z] [functions] Got req.url=/clone-3afbe/us-central1/api/payments/create?total=0, mapping to path=/payments/create?total=0 {"metadata":{"emulator":{"name":"functions"},"message":"[functions] Got req.url=/clone-3afbe/us-central1/api/payments/create?total=0, mapping to path=/payments/create?total=0"}}
[debug] [2021-07-24T18:38:35.687Z] [runtime-status] [21468] Ephemeral server handling POST request {"metadata":{"emulator":{"name":"functions"},"function":{"name":"us-central1-api"},"message":"[runtime-status] [21468] Ephemeral server handling POST request"}}
[debug] [2021-07-24T18:38:35.689Z] [runtime-status] [21468] Ephemeral server survived. {"metadata":{"emulator":{"name":"functions"},"function":{"name":"us-central1-api"},"message":"[runtime-status] [21468] Ephemeral server survived."}}
[info] >  { total: '0' } {"user":"{ total: '0' }","metadata":{"emulator":{"name":"functions"},"function":{"name":"us-central1-api"},"message":"\u001b[90m> \u001b[39m { total: '0' }"}}
[info] >  0 {"user":0,"metadata":{"emulator":{"name":"functions"},"function":{"name":"us-central1-api"},"message":"\u001b[90m> \u001b[39m 0"}}
[info] >  [index.js] Payment request received for amount 0 {"user":"[index.js] Payment request received for amount 0","metadata":{"emulator":{"name":"functions"},"function":{"name":"us-central1-api"},"message":"\u001b[90m> \u001b[39m [index.js] Payment request received for amount 0"}}
[info] >  (node:21468) UnhandledPromiseRejectionWarning: Error: This value must be greater than or equal to 1. {"user":"(node:21468) UnhandledPromiseRejectionWarning: Error: This value must be greater than or equal to 1.","metadata":{"emulator":{"name":"functions"},"function":{"name":"us-central1-api"},"message":"\u001b[90m> \u001b[39m (node:21468) UnhandledPromiseRejectionWarning: Error: This value must be greater than or equal to 1."}}
[info] >      at Function.generate (D:\Dev\react\amazon-clone\functions\node_modules\stripe\lib\Error.js:40:16) {"user":"    at Function.generate (D:\\Dev\\react\\amazon-clone\\functions\\node_modules\\stripe\\lib\\Error.js:40:16)","metadata":{"emulator":{"name":"functions"},"function":{"name":"us-central1-api"},"message":"\u001b[90m> \u001b[39m     at Function.generate (D:\\Dev\\react\\amazon-clone\\functions\\node_modules\\stripe\\lib\\Error.js:40:16)"}}
[info] >      at IncomingMessage.<anonymous> (D:\Dev\react\amazon-clone\functions\node_modules\stripe\lib\StripeResource.js:203:33) {"user":"    at IncomingMessage.<anonymous> (D:\\Dev\\react\\amazon-clone\\functions\\node_modules\\stripe\\lib\\StripeResource.js:203:33)","metadata":{"emulator":{"name":"functions"},"function":{"name":"us-central1-api"},"message":"\u001b[90m> \u001b[39m     at IncomingMessage.<anonymous> (D:\\Dev\\react\\amazon-clone\\functions\\node_modules\\stripe\\lib\\StripeResource.js:203:33)"}}
[info] >      at Object.onceWrapper (events.js:420:28) {"user":"    at Object.onceWrapper (events.js:420:28)","metadata":{"emulator":{"name":"functions"},"function":{"name":"us-central1-api"},"message":"\u001b[90m> \u001b[39m     at Object.onceWrapper (events.js:420:28)"}}
[info] >      at IncomingMessage.emit (events.js:326:22) {"user":"    at IncomingMessage.emit (events.js:326:22)","metadata":{"emulator":{"name":"functions"},"function":{"name":"us-central1-api"},"message":"\u001b[90m> \u001b[39m     at IncomingMessage.emit (events.js:326:22)"}}
[info] >      at endReadableNT (_stream_readable.js:1252:12) {"user":"    at endReadableNT (_stream_readable.js:1252:12)","metadata":{"emulator":{"name":"functions"},"function":{"name":"us-central1-api"},"message":"\u001b[90m> \u001b[39m     at endReadableNT (_stream_readable.js:1252:12)"}}
[info] >      at processTicksAndRejections (internal/process/task_queues.js:80:21) {"user":"    at processTicksAndRejections (internal/process/task_queues.js:80:21)","metadata":{"emulator":{"name":"functions"},"function":{"name":"us-central1-api"},"message":"\u001b[90m> \u001b[39m     at processTicksAndRejections (internal/process/task_queues.js:80:21)"}}
[info] >  (Use `node --trace-warnings ...` to show where the warning was created) {"user":"(Use `node --trace-warnings ...` to show where the warning was created)","metadata":{"emulator":{"name":"functions"},"function":{"name":"us-central1-api"},"message":"\u001b[90m> \u001b[39m (Use `node --trace-warnings ...` to show where the warning was created)"}}
[info] >  (node:21468) UnhandledPromiseRejectionWarning: Unhandled promise rejection. This error originated either by throwing inside of an async function without a catch block, or by rejecting a promise which was not handled with .catch(). To terminate the node process on unhandled promise rejection, use the CLI flag `--unhandled-rejections=strict` (see https://nodejs.org/api/cli.html#cli_unhandled_rejections_mode). (rejection id: 1) {"user":"(node:21468) UnhandledPromiseRejectionWarning: Unhandled promise rejection. This error originated either by throwing inside of an async function without a catch block, or by rejecting a promise which was not handled with .catch(). To terminate the node process on unhandled promise rejection, use the CLI flag `--unhandled-rejections=strict` (see https://nodejs.org/api/cli.html#cli_unhandled_rejections_mode). (rejection id: 1)","metadata":{"emulator":{"name":"functions"},"function":{"name":"us-central1-api"},"message":"\u001b[90m> \u001b[39m (node:21468) UnhandledPromiseRejectionWarning: Unhandled promise rejection. This error originated either by throwing inside of an async function without a catch block, or by rejecting a promise which was not handled with .catch(). To terminate the node process on unhandled promise rejection, use the CLI flag `--unhandled-rejections=strict` (see https://nodejs.org/api/cli.html#cli_unhandled_rejections_mode). (rejection id: 1)"}}
[info] >  (node:21468) [DEP0018] DeprecationWarning: Unhandled promise rejections are deprecated. In the future, promise rejections that are not handled will terminate the Node.js process with a non-zero exit code. {"user":"(node:21468) [DEP0018] DeprecationWarning: Unhandled promise rejections are deprecated. In the future, promise rejections that are not handled will terminate the Node.js process with a non-zero exit code.","metadata":{"emulator":{"name":"functions"},"function":{"name":"us-central1-api"},"message":"\u001b[90m> \u001b[39m (node:21468) [DEP0018] DeprecationWarning: Unhandled promise rejections are deprecated. In the future, promise rejections that are not handled will terminate the Node.js process with a non-zero exit code."}}
[debug] [2021-07-24T18:39:30.240Z] File D:\Dev\react\amazon-clone\functions\index.js changed, reloading triggers {"metadata":{"emulator":{"name":"functions"},"message":"File D:\\Dev\\react\\amazon-clone\\functions\\index.js changed, reloading triggers"}}
[debug] [2021-07-24T18:39:31.252Z] [worker-pool] Shutting down IDLE worker (~diagnostic~) {"metadata":{"emulator":{"name":"functions"},"message":"[worker-pool] Shutting down IDLE worker (~diagnostic~)"}}
[debug] [2021-07-24T18:39:31.253Z] [worker-~diagnostic~-6efbbba6-c4ab-4932-97af-2c80a942b6a7]: FINISHING {"metadata":{"emulator":{"name":"functions"},"message":"[worker-~diagnostic~-6efbbba6-c4ab-4932-97af-2c80a942b6a7]: FINISHING"}}
[debug] [2021-07-24T18:39:31.253Z] [worker-pool] Marking BUSY worker to finish (us-central1-api) {"metadata":{"emulator":{"name":"functions"},"message":"[worker-pool] Marking BUSY worker to finish (us-central1-api)"}}
[debug] [2021-07-24T18:39:31.254Z] [worker-us-central1-api-94380bed-ccf4-43f4-8490-5218f62ff7e9]: FINISHING {"metadata":{"emulator":{"name":"functions"},"message":"[worker-us-central1-api-94380bed-ccf4-43f4-8490-5218f62ff7e9]: FINISHING"}}
[debug] [2021-07-24T18:39:31.266Z] [worker-pool] addWorker(~diagnostic~) {"metadata":{"emulator":{"name":"functions"},"message":"[worker-pool] addWorker(~diagnostic~)"}}
[debug] [2021-07-24T18:39:31.267Z] [worker-pool] Adding worker with key ~diagnostic~, total=2 {"metadata":{"emulator":{"name":"functions"},"message":"[worker-pool] Adding worker with key ~diagnostic~, total=2"}}
[debug] [2021-07-24T18:39:31.268Z] [worker-pool] submitWork(triggerId=) {"metadata":{"emulator":{"name":"functions"},"message":"[worker-pool] submitWork(triggerId=)"}}
[debug] [2021-07-24T18:39:31.268Z] [worker-~diagnostic~-caff6904-7c9b-4533-a340-0160a234b90b]: Assigning socketPath: \\?\pipe\D:\Dev\react\amazon-clone\functions\8588 {"metadata":{"emulator":{"name":"functions"},"message":"[worker-~diagnostic~-caff6904-7c9b-4533-a340-0160a234b90b]: Assigning socketPath: \\\\?\\pipe\\D:\\Dev\\react\\amazon-clone\\functions\\8588"}}
[debug] [2021-07-24T18:39:31.269Z] [worker-~diagnostic~-caff6904-7c9b-4533-a340-0160a234b90b]: BUSY {"metadata":{"emulator":{"name":"functions"},"message":"[worker-~diagnostic~-caff6904-7c9b-4533-a340-0160a234b90b]: BUSY"}}
[debug] [2021-07-24T18:39:31.272Z] [worker-~diagnostic~-6efbbba6-c4ab-4932-97af-2c80a942b6a7]: exited {"metadata":{"emulator":{"name":"functions"},"message":"[worker-~diagnostic~-6efbbba6-c4ab-4932-97af-2c80a942b6a7]: exited"}}
[debug] [2021-07-24T18:39:31.273Z] [worker-~diagnostic~-6efbbba6-c4ab-4932-97af-2c80a942b6a7]: FINISHED {"metadata":{"emulator":{"name":"functions"},"message":"[worker-~diagnostic~-6efbbba6-c4ab-4932-97af-2c80a942b6a7]: FINISHED"}}
[debug] [2021-07-24T18:39:31.879Z] [runtime-status] [8588] Functions runtime initialized. {"cwd":"D:\\Dev\\react\\amazon-clone\\functions","node_version":"14.13.1"} {"metadata":{"emulator":{"name":"functions"},"message":"[runtime-status] [8588] Functions runtime initialized. {\"cwd\":\"D:\\\\Dev\\\\react\\\\amazon-clone\\\\functions\",\"node_version\":\"14.13.1\"}"}}
[debug] [2021-07-24T18:39:31.886Z] [runtime-status] [8588] Disabled runtime features: undefined {"metadata":{"emulator":{"name":"functions"},"message":"[runtime-status] [8588] Disabled runtime features: undefined"}}
[debug] [2021-07-24T18:39:31.894Z] [runtime-status] [8588] Resolved module firebase-admin {"declared":true,"installed":true,"version":"9.10.0","resolution":"D:\\Dev\\react\\amazon-clone\\functions\\node_modules\\firebase-admin\\lib\\index.js"} {"metadata":{"emulator":{"name":"functions"},"message":"[runtime-status] [8588] Resolved module firebase-admin {\"declared\":true,\"installed\":true,\"version\":\"9.10.0\",\"resolution\":\"D:\\\\Dev\\\\react\\\\amazon-clone\\\\functions\\\\node_modules\\\\firebase-admin\\\\lib\\\\index.js\"}"}}
[debug] [2021-07-24T18:39:31.898Z] [runtime-status] [8588] Resolved module firebase-functions {"declared":true,"installed":true,"version":"3.14.1","resolution":"D:\\Dev\\react\\amazon-clone\\functions\\node_modules\\firebase-functions\\lib\\index.js"} {"metadata":{"emulator":{"name":"functions"},"message":"[runtime-status] [8588] Resolved module firebase-functions {\"declared\":true,\"installed\":true,\"version\":\"3.14.1\",\"resolution\":\"D:\\\\Dev\\\\react\\\\amazon-clone\\\\functions\\\\node_modules\\\\firebase-functions\\\\lib\\\\index.js\"}"}}
[debug] [2021-07-24T18:39:31.902Z] [runtime-status] [8588] Resolved module firebase-functions {"declared":true,"installed":true,"version":"3.14.1","resolution":"D:\\Dev\\react\\amazon-clone\\functions\\node_modules\\firebase-functions\\lib\\index.js"} {"metadata":{"emulator":{"name":"functions"},"message":"[runtime-status] [8588] Resolved module firebase-functions {\"declared\":true,\"installed\":true,\"version\":\"3.14.1\",\"resolution\":\"D:\\\\Dev\\\\react\\\\amazon-clone\\\\functions\\\\node_modules\\\\firebase-functions\\\\lib\\\\index.js\"}"}}
[debug] [2021-07-24T18:39:31.906Z] [runtime-status] [8588] Outgoing network have been stubbed. [{"name":"http","status":"mocked"},{"name":"http","status":"mocked"},{"name":"https","status":"mocked"},{"name":"https","status":"mocked"},{"name":"net","status":"mocked"}] {"metadata":{"emulator":{"name":"functions"},"message":"[runtime-status] [8588] Outgoing network have been stubbed. [{\"name\":\"http\",\"status\":\"mocked\"},{\"name\":\"http\",\"status\":\"mocked\"},{\"name\":\"https\",\"status\":\"mocked\"},{\"name\":\"https\",\"status\":\"mocked\"},{\"name\":\"net\",\"status\":\"mocked\"}]"}}
[debug] [2021-07-24T18:39:31.908Z] [runtime-status] [8588] Resolved module firebase-functions {"declared":true,"installed":true,"version":"3.14.1","resolution":"D:\\Dev\\react\\amazon-clone\\functions\\node_modules\\firebase-functions\\lib\\index.js"} {"metadata":{"emulator":{"name":"functions"},"message":"[runtime-status] [8588] Resolved module firebase-functions {\"declared\":true,\"installed\":true,\"version\":\"3.14.1\",\"resolution\":\"D:\\\\Dev\\\\react\\\\amazon-clone\\\\functions\\\\node_modules\\\\firebase-functions\\\\lib\\\\index.js\"}"}}
[debug] [2021-07-24T18:39:32.030Z] [runtime-status] [8588] Checked functions.config() {"config":{}} {"metadata":{"emulator":{"name":"functions"},"message":"[runtime-status] [8588] Checked functions.config() {\"config\":{}}"}}
[debug] [2021-07-24T18:39:32.030Z] [runtime-status] [8588] firebase-functions has been stubbed. {"functionsResolution":{"declared":true,"installed":true,"version":"3.14.1","resolution":"D:\\Dev\\react\\amazon-clone\\functions\\node_modules\\firebase-functions\\lib\\index.js"}} {"metadata":{"emulator":{"name":"functions"},"message":"[runtime-status] [8588] firebase-functions has been stubbed. {\"functionsResolution\":{\"declared\":true,\"installed\":true,\"version\":\"3.14.1\",\"resolution\":\"D:\\\\Dev\\\\react\\\\amazon-clone\\\\functions\\\\node_modules\\\\firebase-functions\\\\lib\\\\index.js\"}}"}}
[debug] [2021-07-24T18:39:32.031Z] [runtime-status] [8588] Resolved module firebase-functions {"declared":true,"installed":true,"version":"3.14.1","resolution":"D:\\Dev\\react\\amazon-clone\\functions\\node_modules\\firebase-functions\\lib\\index.js"} {"metadata":{"emulator":{"name":"functions"},"message":"[runtime-status] [8588] Resolved module firebase-functions {\"declared\":true,\"installed\":true,\"version\":\"3.14.1\",\"resolution\":\"D:\\\\Dev\\\\react\\\\amazon-clone\\\\functions\\\\node_modules\\\\firebase-functions\\\\lib\\\\index.js\"}"}}
[debug] [2021-07-24T18:39:32.034Z] [runtime-status] [8588] Resolved module firebase-admin {"declared":true,"installed":true,"version":"9.10.0","resolution":"D:\\Dev\\react\\amazon-clone\\functions\\node_modules\\firebase-admin\\lib\\index.js"} {"metadata":{"emulator":{"name":"functions"},"message":"[runtime-status] [8588] Resolved module firebase-admin {\"declared\":true,\"installed\":true,\"version\":\"9.10.0\",\"resolution\":\"D:\\\\Dev\\\\react\\\\amazon-clone\\\\functions\\\\node_modules\\\\firebase-admin\\\\lib\\\\index.js\"}"}}
[debug] [2021-07-24T18:39:32.036Z] [runtime-status] [8588] Resolved module firebase-functions {"declared":true,"installed":true,"version":"3.14.1","resolution":"D:\\Dev\\react\\amazon-clone\\functions\\node_modules\\firebase-functions\\lib\\index.js"} {"metadata":{"emulator":{"name":"functions"},"message":"[runtime-status] [8588] Resolved module firebase-functions {\"declared\":true,\"installed\":true,\"version\":\"3.14.1\",\"resolution\":\"D:\\\\Dev\\\\react\\\\amazon-clone\\\\functions\\\\node_modules\\\\firebase-functions\\\\lib\\\\index.js\"}"}}
[debug] [2021-07-24T18:39:32.036Z] [runtime-status] [8588] firebase-admin has been stubbed. {"adminResolution":{"declared":true,"installed":true,"version":"9.10.0","resolution":"D:\\Dev\\react\\amazon-clone\\functions\\node_modules\\firebase-admin\\lib\\index.js"}} {"metadata":{"emulator":{"name":"functions"},"message":"[runtime-status] [8588] firebase-admin has been stubbed. {\"adminResolution\":{\"declared\":true,\"installed\":true,\"version\":\"9.10.0\",\"resolution\":\"D:\\\\Dev\\\\react\\\\amazon-clone\\\\functions\\\\node_modules\\\\firebase-admin\\\\lib\\\\index.js\"}}"}}
[debug] [2021-07-24T18:39:32.335Z] [worker-~diagnostic~-caff6904-7c9b-4533-a340-0160a234b90b]: IDLE {"metadata":{"emulator":{"name":"functions"},"message":"[worker-~diagnostic~-caff6904-7c9b-4533-a340-0160a234b90b]: IDLE"}}
[warn] !  functions: Your function timed out after ~60s. To configure this timeout, see
      https://firebase.google.com/docs/functions/manage-functions#set_timeout_and_memory_allocation. {"metadata":{"emulator":{"name":"functions"},"function":{"name":"us-central1-api"},"message":"Your function timed out after ~60s. To configure this timeout, see\n      https://firebase.google.com/docs/functions/manage-functions#set_timeout_and_memory_allocation."}}
[info] >  C:\Users\Kanak\AppData\Roaming\npm\node_modules\firebase-tools\lib\emulator\functionsEmulatorRuntime.js:648 {"user":"C:\\Users\\Kanak\\AppData\\Roaming\\npm\\node_modules\\firebase-tools\\lib\\emulator\\functionsEmulatorRuntime.js:648\r","metadata":{"emulator":{"name":"functions"},"function":{"name":"us-central1-api"},"message":"\u001b[90m> \u001b[39m C:\\Users\\Kanak\\AppData\\Roaming\\npm\\node_modules\\firebase-tools\\lib\\emulator\\functionsEmulatorRuntime.js:648\r"}}
[info] >              throw new Error("Function timed out."); {"user":"            throw new Error(\"Function timed out.\");\r","metadata":{"emulator":{"name":"functions"},"function":{"name":"us-central1-api"},"message":"\u001b[90m> \u001b[39m             throw new Error(\"Function timed out.\");\r"}}
[info] >              ^ {"user":"            ^\r","metadata":{"emulator":{"name":"functions"},"function":{"name":"us-central1-api"},"message":"\u001b[90m> \u001b[39m             ^\r"}}
[info] >   {"user":"\r","metadata":{"emulator":{"name":"functions"},"function":{"name":"us-central1-api"},"message":"\u001b[90m> \u001b[39m \r"}}
[info] >  Error: Function timed out. {"user":"Error: Function timed out.\r","metadata":{"emulator":{"name":"functions"},"function":{"name":"us-central1-api"},"message":"\u001b[90m> \u001b[39m Error: Function timed out.\r"}}
[info] >      at Timeout._onTimeout (C:\Users\Kanak\AppData\Roaming\npm\node_modules\firebase-tools\lib\emulator\functionsEmulatorRuntime.js:648:19) {"user":"    at Timeout._onTimeout (C:\\Users\\Kanak\\AppData\\Roaming\\npm\\node_modules\\firebase-tools\\lib\\emulator\\functionsEmulatorRuntime.js:648:19)\r","metadata":{"emulator":{"name":"functions"},"function":{"name":"us-central1-api"},"message":"\u001b[90m> \u001b[39m     at Timeout._onTimeout (C:\\Users\\Kanak\\AppData\\Roaming\\npm\\node_modules\\firebase-tools\\lib\\emulator\\functionsEmulatorRuntime.js:648:19)\r"}}
[info] >      at listOnTimeout (internal/timers.js:554:17) {"user":"    at listOnTimeout (internal/timers.js:554:17)\r","metadata":{"emulator":{"name":"functions"},"function":{"name":"us-central1-api"},"message":"\u001b[90m> \u001b[39m     at listOnTimeout (internal/timers.js:554:17)\r"}}
[info] >      at processTimers (internal/timers.js:497:7) {"user":"    at processTimers (internal/timers.js:497:7)\r","metadata":{"emulator":{"name":"functions"},"function":{"name":"us-central1-api"},"message":"\u001b[90m> \u001b[39m     at processTimers (internal/timers.js:497:7)\r"}}
[debug] [2021-07-24T18:39:35.711Z] [worker-us-central1-api-94380bed-ccf4-43f4-8490-5218f62ff7e9]: exited {"metadata":{"emulator":{"name":"functions"},"message":"[worker-us-central1-api-94380bed-ccf4-43f4-8490-5218f62ff7e9]: exited"}}
[debug] [2021-07-24T18:39:35.712Z] [worker-us-central1-api-94380bed-ccf4-43f4-8490-5218f62ff7e9]: FINISHED {"metadata":{"emulator":{"name":"functions"},"message":"[worker-us-central1-api-94380bed-ccf4-43f4-8490-5218f62ff7e9]: FINISHED"}}
[debug] [2021-07-24T18:39:35.712Z] [work-queue] {"queueLength":0,"workRunningCount":0}
[debug] [2021-07-24T18:39:45.491Z] [work-queue] {"queueLength":1,"workRunningCount":0}
[debug] [2021-07-24T18:39:45.492Z] [work-queue] {"queueLength":0,"workRunningCount":1}
[debug] [2021-07-24T18:39:45.492Z] Accepted request POST /clone-3afbe/us-central1/api/payments/create?total=25096 --> us-central1-api
[debug] [2021-07-24T18:39:45.493Z] [worker-pool] Cleaned up workers for ~diagnostic~: 2 --> 1 {"metadata":{"emulator":{"name":"functions"},"message":"[worker-pool] Cleaned up workers for ~diagnostic~: 2 --> 1"}}
[debug] [2021-07-24T18:39:45.493Z] [worker-pool] Cleaned up workers for us-central1-api: 1 --> 0 {"metadata":{"emulator":{"name":"functions"},"message":"[worker-pool] Cleaned up workers for us-central1-api: 1 --> 0"}}
[debug] [2021-07-24T18:39:45.500Z] [worker-pool] addWorker(us-central1-api) {"metadata":{"emulator":{"name":"functions"},"message":"[worker-pool] addWorker(us-central1-api)"}}
[debug] [2021-07-24T18:39:45.500Z] [worker-pool] Adding worker with key us-central1-api, total=1 {"metadata":{"emulator":{"name":"functions"},"message":"[worker-pool] Adding worker with key us-central1-api, total=1"}}
[debug] [2021-07-24T18:39:45.500Z] [worker-pool] submitWork(triggerId=us-central1-api) {"metadata":{"emulator":{"name":"functions"},"message":"[worker-pool] submitWork(triggerId=us-central1-api)"}}
[debug] [2021-07-24T18:39:45.500Z] [worker-us-central1-api-b8d2b5d9-0c88-4387-a555-490a46b06a6a]: Assigning socketPath: \\?\pipe\D:\Dev\react\amazon-clone\functions\19072 {"metadata":{"emulator":{"name":"functions"},"message":"[worker-us-central1-api-b8d2b5d9-0c88-4387-a555-490a46b06a6a]: Assigning socketPath: \\\\?\\pipe\\D:\\Dev\\react\\amazon-clone\\functions\\19072"}}
[debug] [2021-07-24T18:39:45.500Z] [worker-us-central1-api-b8d2b5d9-0c88-4387-a555-490a46b06a6a]: BUSY {"metadata":{"emulator":{"name":"functions"},"message":"[worker-us-central1-api-b8d2b5d9-0c88-4387-a555-490a46b06a6a]: BUSY"}}
[debug] [2021-07-24T18:39:45.980Z] [runtime-status] [19072] Functions runtime initialized. {"cwd":"D:\\Dev\\react\\amazon-clone\\functions","node_version":"14.13.1"} {"metadata":{"emulator":{"name":"functions"},"function":{"name":"us-central1-api"},"message":"[runtime-status] [19072] Functions runtime initialized. {\"cwd\":\"D:\\\\Dev\\\\react\\\\amazon-clone\\\\functions\",\"node_version\":\"14.13.1\"}"}}
[debug] [2021-07-24T18:39:45.986Z] [runtime-status] [19072] Disabled runtime features: undefined {"metadata":{"emulator":{"name":"functions"},"function":{"name":"us-central1-api"},"message":"[runtime-status] [19072] Disabled runtime features: undefined"}}
[debug] [2021-07-24T18:39:45.993Z] [runtime-status] [19072] Resolved module firebase-admin {"declared":true,"installed":true,"version":"9.10.0","resolution":"D:\\Dev\\react\\amazon-clone\\functions\\node_modules\\firebase-admin\\lib\\index.js"} {"metadata":{"emulator":{"name":"functions"},"function":{"name":"us-central1-api"},"message":"[runtime-status] [19072] Resolved module firebase-admin {\"declared\":true,\"installed\":true,\"version\":\"9.10.0\",\"resolution\":\"D:\\\\Dev\\\\react\\\\amazon-clone\\\\functions\\\\node_modules\\\\firebase-admin\\\\lib\\\\index.js\"}"}}
[debug] [2021-07-24T18:39:45.997Z] [runtime-status] [19072] Resolved module firebase-functions {"declared":true,"installed":true,"version":"3.14.1","resolution":"D:\\Dev\\react\\amazon-clone\\functions\\node_modules\\firebase-functions\\lib\\index.js"} {"metadata":{"emulator":{"name":"functions"},"function":{"name":"us-central1-api"},"message":"[runtime-status] [19072] Resolved module firebase-functions {\"declared\":true,\"installed\":true,\"version\":\"3.14.1\",\"resolution\":\"D:\\\\Dev\\\\react\\\\amazon-clone\\\\functions\\\\node_modules\\\\firebase-functions\\\\lib\\\\index.js\"}"}}
[debug] [2021-07-24T18:39:46.001Z] [runtime-status] [19072] Resolved module firebase-functions {"declared":true,"installed":true,"version":"3.14.1","resolution":"D:\\Dev\\react\\amazon-clone\\functions\\node_modules\\firebase-functions\\lib\\index.js"} {"metadata":{"emulator":{"name":"functions"},"function":{"name":"us-central1-api"},"message":"[runtime-status] [19072] Resolved module firebase-functions {\"declared\":true,\"installed\":true,\"version\":\"3.14.1\",\"resolution\":\"D:\\\\Dev\\\\react\\\\amazon-clone\\\\functions\\\\node_modules\\\\firebase-functions\\\\lib\\\\index.js\"}"}}
[debug] [2021-07-24T18:39:46.004Z] [runtime-status] [19072] Outgoing network have been stubbed. [{"name":"http","status":"mocked"},{"name":"http","status":"mocked"},{"name":"https","status":"mocked"},{"name":"https","status":"mocked"},{"name":"net","status":"mocked"}] {"metadata":{"emulator":{"name":"functions"},"function":{"name":"us-central1-api"},"message":"[runtime-status] [19072] Outgoing network have been stubbed. [{\"name\":\"http\",\"status\":\"mocked\"},{\"name\":\"http\",\"status\":\"mocked\"},{\"name\":\"https\",\"status\":\"mocked\"},{\"name\":\"https\",\"status\":\"mocked\"},{\"name\":\"net\",\"status\":\"mocked\"}]"}}
[debug] [2021-07-24T18:39:46.005Z] [runtime-status] [19072] Resolved module firebase-functions {"declared":true,"installed":true,"version":"3.14.1","resolution":"D:\\Dev\\react\\amazon-clone\\functions\\node_modules\\firebase-functions\\lib\\index.js"} {"metadata":{"emulator":{"name":"functions"},"function":{"name":"us-central1-api"},"message":"[runtime-status] [19072] Resolved module firebase-functions {\"declared\":true,\"installed\":true,\"version\":\"3.14.1\",\"resolution\":\"D:\\\\Dev\\\\react\\\\amazon-clone\\\\functions\\\\node_modules\\\\firebase-functions\\\\lib\\\\index.js\"}"}}
[debug] [2021-07-24T18:39:46.112Z] [runtime-status] [19072] Checked functions.config() {"config":{}} {"metadata":{"emulator":{"name":"functions"},"function":{"name":"us-central1-api"},"message":"[runtime-status] [19072] Checked functions.config() {\"config\":{}}"}}
[debug] [2021-07-24T18:39:46.112Z] [runtime-status] [19072] firebase-functions has been stubbed. {"functionsResolution":{"declared":true,"installed":true,"version":"3.14.1","resolution":"D:\\Dev\\react\\amazon-clone\\functions\\node_modules\\firebase-functions\\lib\\index.js"}} {"metadata":{"emulator":{"name":"functions"},"function":{"name":"us-central1-api"},"message":"[runtime-status] [19072] firebase-functions has been stubbed. {\"functionsResolution\":{\"declared\":true,\"installed\":true,\"version\":\"3.14.1\",\"resolution\":\"D:\\\\Dev\\\\react\\\\amazon-clone\\\\functions\\\\node_modules\\\\firebase-functions\\\\lib\\\\index.js\"}}"}}
[debug] [2021-07-24T18:39:46.113Z] [runtime-status] [19072] Resolved module firebase-functions {"declared":true,"installed":true,"version":"3.14.1","resolution":"D:\\Dev\\react\\amazon-clone\\functions\\node_modules\\firebase-functions\\lib\\index.js"} {"metadata":{"emulator":{"name":"functions"},"function":{"name":"us-central1-api"},"message":"[runtime-status] [19072] Resolved module firebase-functions {\"declared\":true,\"installed\":true,\"version\":\"3.14.1\",\"resolution\":\"D:\\\\Dev\\\\react\\\\amazon-clone\\\\functions\\\\node_modules\\\\firebase-functions\\\\lib\\\\index.js\"}"}}
[debug] [2021-07-24T18:39:46.116Z] [runtime-status] [19072] Resolved module firebase-admin {"declared":true,"installed":true,"version":"9.10.0","resolution":"D:\\Dev\\react\\amazon-clone\\functions\\node_modules\\firebase-admin\\lib\\index.js"} {"metadata":{"emulator":{"name":"functions"},"function":{"name":"us-central1-api"},"message":"[runtime-status] [19072] Resolved module firebase-admin {\"declared\":true,\"installed\":true,\"version\":\"9.10.0\",\"resolution\":\"D:\\\\Dev\\\\react\\\\amazon-clone\\\\functions\\\\node_modules\\\\firebase-admin\\\\lib\\\\index.js\"}"}}
[debug] [2021-07-24T18:39:46.117Z] [runtime-status] [19072] Resolved module firebase-functions {"declared":true,"installed":true,"version":"3.14.1","resolution":"D:\\Dev\\react\\amazon-clone\\functions\\node_modules\\firebase-functions\\lib\\index.js"} {"metadata":{"emulator":{"name":"functions"},"function":{"name":"us-central1-api"},"message":"[runtime-status] [19072] Resolved module firebase-functions {\"declared\":true,\"installed\":true,\"version\":\"3.14.1\",\"resolution\":\"D:\\\\Dev\\\\react\\\\amazon-clone\\\\functions\\\\node_modules\\\\firebase-functions\\\\lib\\\\index.js\"}"}}
[debug] [2021-07-24T18:39:46.118Z] [runtime-status] [19072] firebase-admin has been stubbed. {"adminResolution":{"declared":true,"installed":true,"version":"9.10.0","resolution":"D:\\Dev\\react\\amazon-clone\\functions\\node_modules\\firebase-admin\\lib\\index.js"}} {"metadata":{"emulator":{"name":"functions"},"function":{"name":"us-central1-api"},"message":"[runtime-status] [19072] firebase-admin has been stubbed. {\"adminResolution\":{\"declared\":true,\"installed\":true,\"version\":\"9.10.0\",\"resolution\":\"D:\\\\Dev\\\\react\\\\amazon-clone\\\\functions\\\\node_modules\\\\firebase-admin\\\\lib\\\\index.js\"}}"}}
[debug] [2021-07-24T18:39:46.359Z] [runtime-status] [19072] Trigger "us-central1-api" has been found, beginning invocation! {"metadata":{"emulator":{"name":"functions"},"function":{"name":"us-central1-api"},"message":"[runtime-status] [19072] Trigger \"us-central1-api\" has been found, beginning invocation!"}}
[info] i  functions: Beginning execution of "us-central1-api" {"metadata":{"emulator":{"name":"functions"},"function":{"name":"us-central1-api"},"message":"Beginning execution of \"us-central1-api\""}}
[debug] [2021-07-24T18:39:46.360Z] [runtime-status] [19072] triggerDefinition {"httpsTrigger":{},"name":"api","entryPoint":"api","regions":["us-central1"],"region":"us-central1","id":"us-central1-api"} {"metadata":{"emulator":{"name":"functions"},"function":{"name":"us-central1-api"},"message":"[runtime-status] [19072] triggerDefinition {\"httpsTrigger\":{},\"name\":\"api\",\"entryPoint\":\"api\",\"regions\":[\"us-central1\"],\"region\":\"us-central1\",\"id\":\"us-central1-api\"}"}}
[debug] [2021-07-24T18:39:46.361Z] [runtime-status] [19072] Running us-central1-api in mode HTTPS {"metadata":{"emulator":{"name":"functions"},"function":{"name":"us-central1-api"},"message":"[runtime-status] [19072] Running us-central1-api in mode HTTPS"}}
[debug] [2021-07-24T18:39:46.366Z] [runtime-status] [19072] Attempting to listen to socketPath: \\?\pipe\D:\Dev\react\amazon-clone\functions\19072 {"metadata":{"emulator":{"name":"functions"},"function":{"name":"us-central1-api"},"message":"[runtime-status] [19072] Attempting to listen to socketPath: \\\\?\\pipe\\D:\\Dev\\react\\amazon-clone\\functions\\19072"}}
[debug] [2021-07-24T18:39:46.370Z] [functions] Runtime ready! Sending request! {"metadata":{"emulator":{"name":"functions"},"message":"[functions] Runtime ready! Sending request!"}}
[debug] [2021-07-24T18:39:46.370Z] [functions] Got req.url=/clone-3afbe/us-central1/api/payments/create?total=25096, mapping to path=/payments/create?total=25096 {"metadata":{"emulator":{"name":"functions"},"message":"[functions] Got req.url=/clone-3afbe/us-central1/api/payments/create?total=25096, mapping to path=/payments/create?total=25096"}}
[debug] [2021-07-24T18:39:46.380Z] [runtime-status] [19072] Ephemeral server handling POST request {"metadata":{"emulator":{"name":"functions"},"function":{"name":"us-central1-api"},"message":"[runtime-status] [19072] Ephemeral server handling POST request"}}
[debug] [2021-07-24T18:39:46.393Z] [runtime-status] [19072] Ephemeral server survived. {"metadata":{"emulator":{"name":"functions"},"function":{"name":"us-central1-api"},"message":"[runtime-status] [19072] Ephemeral server survived."}}
[info] >  { total: '25096' } {"user":"{ total: '25096' }","metadata":{"emulator":{"name":"functions"},"function":{"name":"us-central1-api"},"message":"\u001b[90m> \u001b[39m { total: '25096' }"}}
[info] >  25096 {"user":25096,"metadata":{"emulator":{"name":"functions"},"function":{"name":"us-central1-api"},"message":"\u001b[90m> \u001b[39m 25096"}}
[info] >  [index.js] Payment request received for amount 25096 {"user":"[index.js] Payment request received for amount 25096","metadata":{"emulator":{"name":"functions"},"function":{"name":"us-central1-api"},"message":"\u001b[90m> \u001b[39m [index.js] Payment request received for amount 25096"}}
[info] i  functions: Finished "us-central1-api" in ~1s {"metadata":{"emulator":{"name":"functions"},"function":{"name":"us-central1-api"},"message":"Finished \"us-central1-api\" in ~1s"}}
[debug] [2021-07-24T18:39:47.432Z] [worker-us-central1-api-b8d2b5d9-0c88-4387-a555-490a46b06a6a]: IDLE {"metadata":{"emulator":{"name":"functions"},"message":"[worker-us-central1-api-b8d2b5d9-0c88-4387-a555-490a46b06a6a]: IDLE"}}
[debug] [2021-07-24T18:39:47.432Z] [work-queue] {"queueLength":0,"workRunningCount":0}
